<?xml version="1.0" encoding="UTF-8"?>
<testng-results skipped="0" failed="0" ignored="0" total="11" passed="11">
  <reporter-output>
  </reporter-output>
  <suite name="Default suite" duration-ms="29241" started-at="2019-06-20T13:52:46Z" finished-at="2019-06-20T13:53:15Z">
    <groups>
    </groups>
    <test name="Default test" duration-ms="29241" started-at="2019-06-20T13:52:46Z" finished-at="2019-06-20T13:53:15Z">
      <class name="com.training.sanity.tests.Script9">
        <test-method status="PASS" signature="setUpBeforeClass()[pri:0, instance:com.training.sanity.tests.Script9@42d80b78]" name="setUpBeforeClass" is-config="true" duration-ms="9488" started-at="2019-06-20T13:52:46Z" finished-at="2019-06-20T13:52:55Z">
          <reporter-output>
          </reporter-output>
        </test-method> <!-- setUpBeforeClass -->
        <test-method status="PASS" signature="validLoginTest()[pri:1, instance:com.training.sanity.tests.Script9@42d80b78]" name="validLoginTest" duration-ms="3251" started-at="2019-06-20T13:52:55Z" finished-at="2019-06-20T13:52:59Z">
          <reporter-output>
          </reporter-output>
        </test-method> <!-- validLoginTest -->
        <test-method status="PASS" signature="PropertiesTest()[pri:2, instance:com.training.sanity.tests.Script9@42d80b78]" name="PropertiesTest" duration-ms="1714" started-at="2019-06-20T13:52:59Z" finished-at="2019-06-20T13:53:00Z">
          <reporter-output>
          </reporter-output>
        </test-method> <!-- PropertiesTest -->
        <test-method status="PASS" signature="addnewlinkclick()[pri:3, instance:com.training.sanity.tests.Script9@42d80b78]" name="addnewlinkclick" duration-ms="2907" started-at="2019-06-20T13:53:00Z" finished-at="2019-06-20T13:53:03Z">
          <reporter-output>
          </reporter-output>
        </test-method> <!-- addnewlinkclick -->
        <test-method status="PASS" signature="entertitle()[pri:4, instance:com.training.sanity.tests.Script9@42d80b78]" name="entertitle" duration-ms="516" started-at="2019-06-20T13:53:03Z" finished-at="2019-06-20T13:53:04Z">
          <reporter-output>
          </reporter-output>
        </test-method> <!-- entertitle -->
        <test-method status="PASS" signature="enterdes()[pri:5, instance:com.training.sanity.tests.Script9@42d80b78]" name="enterdes" duration-ms="520" started-at="2019-06-20T13:53:04Z" finished-at="2019-06-20T13:53:04Z">
          <reporter-output>
          </reporter-output>
        </test-method> <!-- enterdes -->
        <test-method status="PASS" signature="addedfea()[pri:6, instance:com.training.sanity.tests.Script9@42d80b78]" name="addedfea" duration-ms="541" started-at="2019-06-20T13:53:04Z" finished-at="2019-06-20T13:53:05Z">
          <reporter-output>
          </reporter-output>
        </test-method> <!-- addedfea -->
        <test-method status="PASS" signature="addedfeaselect()[pri:7, instance:com.training.sanity.tests.Script9@42d80b78]" name="addedfeaselect" duration-ms="448" started-at="2019-06-20T13:53:05Z" finished-at="2019-06-20T13:53:05Z">
          <reporter-output>
          </reporter-output>
        </test-method> <!-- addedfeaselect -->
        <test-method status="PASS" signature="regiontest1()[pri:8, instance:com.training.sanity.tests.Script9@42d80b78]" name="regiontest1" duration-ms="500" started-at="2019-06-20T13:53:05Z" finished-at="2019-06-20T13:53:06Z">
          <reporter-output>
          </reporter-output>
        </test-method> <!-- regiontest1 -->
        <test-method status="PASS" signature="regiontest2()[pri:9, instance:com.training.sanity.tests.Script9@42d80b78]" name="regiontest2" duration-ms="539" started-at="2019-06-20T13:53:06Z" finished-at="2019-06-20T13:53:06Z">
          <reporter-output>
          </reporter-output>
        </test-method> <!-- regiontest2 -->
        <test-method status="PASS" signature="submitclick()[pri:10, instance:com.training.sanity.tests.Script9@42d80b78]" name="submitclick" duration-ms="544" started-at="2019-06-20T13:53:06Z" finished-at="2019-06-20T13:53:07Z">
          <reporter-output>
          </reporter-output>
        </test-method> <!-- submitclick -->
        <test-method status="PASS" signature="submitenter()[pri:11, instance:com.training.sanity.tests.Script9@42d80b78]" name="submitenter" duration-ms="8221" started-at="2019-06-20T13:53:07Z" finished-at="2019-06-20T13:53:15Z">
          <reporter-output>
          </reporter-output>
        </test-method> <!-- submitenter -->
      </class> <!-- com.training.sanity.tests.Script9 -->
    </test> <!-- Default test -->
  </suite> <!-- Default suite -->
</testng-results>
